     1                                  ; hello-os
     2                                  
     3                                    ORG   0x7c00            ; 指明程序的装载地址
     4                                  
     5                                  ; 用于标准FAT12格式的软盘
     6 00000000 EB4E                      JMP   entry             ; 跳转指令
     7 00000002 90                        NOP                     ; NOP指令（0x90）
     8 00000003 48454C4C4F49504C          DB    "HELLOIPL"        ; OEM标识符（8字节）
     9 0000000B 0002                      DW    512               ; 每个扇区（sector）的字节数（必须为512字节）
    10 0000000D 01                        DB    1                 ; 每个簇（cluster）的扇区数（必须为1个扇区）
    11 0000000E 0100                      DW    1                 ; FAT的预留扇区数（包含boot扇区）
    12 00000010 02                        DB    2                 ; FAT表的数量，通常为2
    13 00000011 E000                      DW    224               ; 根目录文件的最大值（一般设为224项）
    14 00000013 400B                      DW    2880              ; 磁盘的扇区总数，若为0则代表超过65535个扇区，需要使用20行记录
    15 00000015 F0                        DB    0xf0              ; 磁盘的种类（本项目中设为0xf0代表1.44MB的软盘）
    16 00000016 0900                      DW    9                 ; 每个FAT的长度（必须为9扇区）
    17 00000018 1200                      DW    18                ; 1个磁道（track）拥有的扇区数（必须是18）
    18 0000001A 0200                      DW    2                 ; 磁头数（必须为2）
    19 0000001C 00000000                  DD    0                 ; 隐藏的扇区数
    20 00000020 400B0000                  DD    2880              ; 大容量扇区总数，若14行记录的值为0则使用本行记录扇区数
    21 00000024 00                        DB    0                 ; 中断0x13的设备号
    22 00000025 00                        DB    0                 ; Windows NT标识符
    23 00000026 29                        DB    0x29              ; 扩展引导标识
    24 00000027 FFFFFFFF                  DD    0xffffffff        ; 卷序列号
    25 0000002B 48454C4C4F2D4F5320-       DB    "HELLO-OS   "     ; 卷标（11字节）
    25 00000034 2020               
    26 00000036 4641543132202020          DB    "FAT12   "        ; 文件系统类型（8字节）
    27 0000003E <res 12h>                 RESB  18                ; 空18字节
    27          ******************       warning: uninitialized space declared in .text section: zeroing [-w+zeroing]
    28                                  
    29                                  ; 程序核心
    30                                  
    31                                  entry:
    32 00000050 B80000                    MOV   AX, 0             ; 初始化寄存器
    33 00000053 8ED0                      MOV   SS, AX
    34 00000055 BC007C                    MOV   SP, 0x7c00
    35 00000058 8ED8                      MOV   DS, AX
    36 0000005A 8EC0                      MOV   ES, AX
    37                                  
    38 0000005C BE[7400]                  MOV   SI, msg
    39                                  putloop:
    40 0000005F 8A04                      MOV   AL, [SI]
    41 00000061 83C601                    ADD   SI, 1             ; SI加1
    42 00000064 3C00                      CMP   AL, 0
    43                                  
    44 00000066 7409                      JE    fin
    45 00000068 B40E                      MOV   AH, 0x0e          ; 显示一个文字
    46 0000006A BB0F00                    MOV   BX, 15            ; 指定字符颜色
    47 0000006D CD10                      INT   0x10              ; 调用显卡BIOS
    48 0000006F EBEE                      JMP   putloop
    49                                  
    50                                  fin:
    51 00000071 F4                        HLT                     ; CPU停止，等待指令
    52 00000072 EBFD                      JMP   fin               ; 无限循环
    53                                  
    54                                  msg:
    55 00000074 0A0A                      DB    0x0a, 0x0a        ; 两个换行
    56 00000076 68656C6C6F2C20776F-       DB    "hello, world"
    56 0000007F 726C64             
    57 00000082 0A                        DB    0x0a              ; 换行
    58 00000083 00                        DB    0
    59                                  
    60 00000084 <res 17Ah>                RESB  0x1fe - ($ - $$)  ; 填写0x00，直到0x001fe
    60          ******************       warning: uninitialized space declared in .text section: zeroing [-w+zeroing]
    61 000001FE 55AA                      DB    0x55, 0xaa
